<?xml version="1.0" encoding="UTF-8"?>
<!-- Generated by org.testng.reporters.JUnitReportReporter -->
<testsuite hostname="DESKTOP-G2AEDBO" failures="0" tests="8" name="TestsForInterfaces.MathMethodsTests" time="0.000" errors="0" timestamp="2022-07-07T20:33:39 EEST" skipped="0">
  <testcase classname="TestsForInterfaces.MathMethodsTests" name="minusMethodTwoTest" time="0.000"/>
  <system-out/>
  <testcase classname="TestsForInterfaces.MathMethodsTests" name="multiPlaceMethodTest" time="0.000"/>
  <system-out/>
  <testcase classname="TestsForInterfaces.MathMethodsTests" name="summMethodTwoTest" time="0.000"/>
  <system-out/>
  <testcase classname="TestsForInterfaces.MathMethodsTests" name="summMethodTest" time="0.000"/>
  <system-out/>
  <testcase classname="TestsForInterfaces.MathMethodsTests" name="MinusMethodTest" time="0.000"/>
  <system-out/>
  <testcase classname="TestsForInterfaces.MathMethodsTests" name="divisioneMethodTwoTest" time="0.000"/>
  <system-out/>
  <testcase classname="TestsForInterfaces.MathMethodsTests" name="divisionMethodTest" time="0.000"/>
  <system-out/>
  <testcase classname="TestsForInterfaces.MathMethodsTests" name="multiplaceMethodTwoTest" time="0.000"/>
  <system-out/>
</testsuite> <!-- TestsForInterfaces.MathMethodsTests -->
