<?xml version="1.0" encoding="UTF-8"?>
<!-- Generated by org.testng.reporters.JUnitReportReporter -->
<testsuite hostname="DESKTOP-G2AEDBO" failures="0" tests="5" name="RozetkaTests" time="24.741" errors="0" timestamp="2022-07-08T18:13:55 EEST" skipped="0">
  <testcase classname="RozetkaTests" name="computersNotebooksBtnTest" time="4.569"/>
  <system-out/>
  <testcase classname="RozetkaTests" name="gameZoneBtn" time="5.508"/>
  <system-out/>
  <testcase classname="RozetkaTests" name="BTBtn" time="5.038"/>
  <system-out/>
  <testcase classname="RozetkaTests" name="tovaryDlyaDomaBtn" time="5.046"/>
  <system-out/>
  <testcase classname="RozetkaTests" name="telefonyTvEhlektronikaBtn" time="4.580"/>
  <system-out/>
</testsuite> <!-- RozetkaTests -->
