<?xml version="1.0" encoding="UTF-8"?>
<!-- Generated by org.testng.reporters.JUnitReportReporter -->
<testsuite hostname="DESKTOP-G2AEDBO" failures="0" tests="4" name="TestsForInterfaces.VolumeFiguresMethodsTests" time="0.000" errors="0" timestamp="2022-07-07T20:33:39 EEST" skipped="0">
  <testcase classname="TestsForInterfaces.VolumeFiguresMethodsTests" name="halfVolumeOfFiguresTests" time="0.000"/>
  <system-out/>
  <testcase classname="TestsForInterfaces.VolumeFiguresMethodsTests" name="halfVolumeOfFiguresTwoTests" time="0.000"/>
  <system-out/>
  <testcase classname="TestsForInterfaces.VolumeFiguresMethodsTests" name="volumeOfFiguresTwoTests" time="0.000"/>
  <system-out/>
  <testcase classname="TestsForInterfaces.VolumeFiguresMethodsTests" name="volumeOfFiguresTests" time="0.000"/>
  <system-out/>
</testsuite> <!-- TestsForInterfaces.VolumeFiguresMethodsTests -->
