<?xml version="1.0" encoding="UTF-8"?>
<!-- Generated by org.testng.reporters.JUnitReportReporter -->
<testsuite hostname="DESKTOP-G2AEDBO" failures="0" tests="4" name="TestsForInterfaces.GeometricFigureMethodsTests" time="0.006" errors="0" timestamp="2022-07-07T20:33:39 EEST" skipped="0">
  <testcase classname="TestsForInterfaces.GeometricFigureMethodsTests" name="perimetrOfSquareMethodTwoTest" time="0.001"/>
  <system-out/>
  <testcase classname="TestsForInterfaces.GeometricFigureMethodsTests" name="volumeOfCoubeMethodTwoTest" time="0.000"/>
  <system-out/>
  <testcase classname="TestsForInterfaces.GeometricFigureMethodsTests" name="volumeOfCoubeMethodTest" time="0.000"/>
  <system-out/>
  <testcase classname="TestsForInterfaces.GeometricFigureMethodsTests" name="perimetrOfSquareMethodTest" time="0.005"/>
  <system-out/>
</testsuite> <!-- TestsForInterfaces.GeometricFigureMethodsTests -->
